0 2.36298
1 1.73927
2 1.41339
3 1.21104
4 1.08219
5 0.99761
6 0.9325
7 0.880128
8 0.841445
9 0.806718
10 0.771285
11 0.742974
12 0.712665
13 0.682091
14 0.6529
15 0.632321
16 0.614366
17 0.59654
18 0.575519
19 0.55998
20 0.547651
21 0.536484
22 0.528259
23 0.522111
24 0.514883
25 0.50317
26 0.49143
27 0.479197
28 0.471446
29 0.463974
30 0.449047
31 0.428709
32 0.413304
33 0.404096
34 0.39473
35 0.387307
36 0.379085
37 0.378596
38 0.376461
39 0.376553
40 0.369991
41 0.361247
42 0.346587
43 0.327369
44 0.314315
45 0.310996
46 0.302591
47 0.296973
48 0.290616
49 0.279442
50 0.267385
51 0.253938
52 0.242347
53 0.232057
54 0.229105
55 0.219665
56 0.206865
57 0.202185
58 0.191627
59 0.182839
60 0.174565
61 0.170264
62 0.16506
63 0.152041
64 0.134713
65 0.121111
66 0.116862
67 0.113284
68 0.1046
69 0.0962807
70 0.091367
71 0.0902886
72 0.0873175
73 0.089727
74 0.0925689
75 0.0899383
76 0.085062
77 0.0767202
78 0.0663313
79 0.0622727
80 0.0613384
81 0.0583755
82 0.0531082
83 0.0486509
84 0.0434969
85 0.03922
86 0.0356752
87 0.0347072
88 0.0340182
89 0.0349424
90 0.037067
91 0.0359336
92 0.030159
93 0.027831
94 0.0261682
95 0.0202563
96 0.0151264
97 0.0138119
98 0.00746631
99 0.00804984
100 0.0115349
101 0.0122152
102 0.0134032
103 0.0160282
104 0.0191315
105 0.0227188
106 0.024044
107 0.021284
108 0.0177065
109 0.0168891
110 0.0157124
111 0.0151382
112 0.0188267
113 0.0236263
114 0.0255985
115 0.0238723
116 0.0227688
117 0.0199707
118 0.0157532
119 0.0144362
120 0.00789927
121 0.00684313
122 0.00448084
123 0.00215025
124 -0.00140237
125 -0.00173135
126 -0.00221989
127 -0.00569405
128 -0.0074133
129 -0.00720306
130 -0.0103999
131 -0.0121435
132 -0.00898894
133 7.63092e-05
134 0.00035286
135 0.00281329
136 0.00169255
137 0.00517217
138 0.00963974
139 0.00522756
140 -0.00466716
141 -0.0091334
142 -0.0141939
143 -0.0181851
144 -0.0228291
145 -0.0248858
146 -0.0317782
147 -0.0380701
148 -0.0494852
149 -0.0584374
150 -0.0648529
151 -0.0638254
152 -0.0653626
153 -0.0631731
154 -0.0676945
155 -0.0729194
156 -0.0764546
157 -0.0807755
158 -0.0845153
159 -0.0860931
160 -0.0904951
161 -0.0939133
162 -0.0925546
163 -0.0964419
164 -0.0999235
165 -0.104929
166 -0.104618
167 -0.0965942
168 -0.0881109
169 -0.0827124
170 -0.0826741
171 -0.0744261
172 -0.0664353
173 -0.0686964
174 -0.0635587
175 -0.0573354
176 -0.0534265
177 -0.0511755
178 -0.0509474
179 -0.0513379
180 -0.0513575
181 -0.0590168
182 -0.0646949
183 -0.0619425
184 -0.0588568
185 -0.0572999
186 -0.0595876
187 -0.0636231
188 -0.0757869
189 -0.0812754
190 -0.0814718
191 -0.0748148
192 -0.0757325
193 -0.0787203
194 -0.0849657
195 -0.0900611
196 -0.0921174
197 -0.0965742
198 -0.1053
199 -0.109701
200 -0.111449
201 -0.117396
202 -0.123162
203 -0.128212
204 -0.128231
205 -0.12598
206 -0.126517
207 -0.127002
208 -0.125082
209 -0.129964
210 -0.136926
211 -0.141774
212 -0.146233
213 -0.148152
214 -0.153984
215 -0.161195
216 -0.163
217 -0.166774
218 -0.167563
219 -0.172522
220 -0.179286
221 -0.180827
222 -0.182807
223 -0.181451
224 -0.185063
225 -0.191921
226 -0.194225
227 -0.197903
228 -0.200368
229 -0.203151
230 -0.206856
231 -0.209796
232 -0.210321
233 -0.214531
234 -0.209357
235 -0.204825
236 -0.204907
237 -0.203492
238 -0.203742
239 -0.2049
240 -0.206253
241 -0.209192
242 -0.212962
243 -0.211249
244 -0.207816
245 -0.206829
246 -0.205964
247 -0.204961
248 -0.207688
249 -0.207928
250 -0.213298
251 -0.219146
252 -0.215652
253 -0.209119
254 -0.209888
255 -0.211066
256 -0.214006
257 -0.214686
258 -0.21314
259 -0.21639
260 -0.218712
261 -0.224234
262 -0.227723
263 -0.2297
264 -0.227876
265 -0.230174
266 -0.232544
267 -0.234698
268 -0.232779
269 -0.237551
270 -0.24206
271 -0.241144
272 -0.24568
273 -0.249414
274 -0.244707
275 -0.240359
276 -0.231962
277 -0.224663
278 -0.220017
279 -0.218004
280 -0.219032
281 -0.215881
282 -0.211824
283 -0.208522
284 -0.203
285 -0.20443
286 -0.209059
287 -0.206305
288 -0.203479
289 -0.200424
290 -0.194029
291 -0.180644
292 -0.172595
293 -0.172244
294 -0.171912
295 -0.167582
296 -0.163062
297 -0.154201
298 -0.136422
299 -0.127207
300 -0.124163
301 -0.121624
302 -0.122465
303 -0.12518
304 -0.123103
305 -0.106721
306 -0.0769151
307 -0.0546999
308 -0.0382345
309 -0.0255445
310 -0.017502
311 -0.00762439
312 0.00144294
313 0.0107047
314 0.0147779
315 0.0183115
316 0.0184509
317 0.0122714
318 -0.00109167
319 -0.0110387
320 -0.0103959
321 -0.00975068
322 -0.0235629
323 -0.0305429
324 -0.0341178
325 -0.0457292
326 -0.0520082
327 -0.065119
328 -0.075546
329 -0.0873733
330 -0.0950729
331 -0.0792164
332 -0.0753568
333 -0.0734051
334 -0.073881
335 -0.0669977
336 -0.0610863
337 -0.0593785
338 -0.0628658
339 -0.0523529
340 -0.0515786
341 -0.0706236
342 -0.0623372
343 -0.0497621
344 -0.0437927
345 -0.0532672
346 -0.0588016
347 -0.0875395
348 -0.0959996
349 -0.0853899
350 -0.061798
351 -0.0644862
352 -0.0695042
353 -0.105776
354 -0.140945
355 -0.11387
356 -0.0647052
357 -0.029686
358 0.000166006
359 0.0203056
